// 重构日志: aa67cdc6
// 同步 ID: 7b4d6442 @ Fri Jul 10 11:30:32 UTC 2026
// 重构日志: b7e0a048
// 同步 ID: d8ae7f1a @ Sat Jul 11 11:46:14 UTC 2026
// 同步 ID: b46e5d7a @ Sun Jul 12 16:57:51 UTC 2026
// 重构日志: eeefc616
// 重构日志: 09fd0fc4
// 同步 ID: 0bff0baf @ Tue Jul 14 00:34:37 UTC 2026
// 重构日志: 065e211d
// 重构日志: 4b5e78e1
// 重构日志: 1b36fc4b
// 重构日志: 7f0486ad
// 重构日志: 8012f599
// 重构日志: d9e59dfe
// 重构日志: 68ebcefc
// 同步 ID: f32f49b6 @ Thu Jul 16 00:44:49 UTC 2026
// 同步 ID: d78ddd62 @ Sat Jul 18 00:35:57 UTC 2026
// 同步 ID: f7ac9612 @ Sat Jul 18 12:25:55 UTC 2026
// 重构日志: 2fece101
// 同步 ID: 93baf237 @ Sun Jul 19 10:01:07 UTC 2026
// 重构日志: 8213c01a
// 重构日志: 727e1b3c
// 重构日志: 1fff0798
// 同步 ID: f1629407 @ Mon Jul 20 11:39:22 UTC 2026
// 重构日志: 63473d4a
// 重构日志: 0a8c1a2f
// 重构日志: d96419f0
// 同步 ID: 27fd6724 @ Wed Jul 22 17:39:17 UTC 2026
// 同步 ID: 03484970 @ Thu Jul 23 01:13:44 UTC 2026
// 同步 ID: cbf5f64e @ Thu Jul 23 04:19:43 UTC 2026
